<?xml version="1.0" encoding="UTF-8"?>
<!-- Generated by org.testng.reporters.JUnitXMLReporter -->
<testsuite hostname="LAPTOP-JDTCIF1A" ignored="0" name="Default test" tests="3" failures="0" timestamp="27 Jul 2021 13:42:33 GMT" time="3.712" errors="0">
  <testcase name="getResponse" time="2.272" classname="com.APIAutomationTests.testApi"/>
  <testcase name="postResponsePojo" time="0.922" classname="com.APIAutomationTests.testApi"/>
  <testcase name="postResponseTextFile" time="0.485" classname="com.APIAutomationTests.testApi"/>
</testsuite> <!-- Default test -->
